Unity Editor version:    2021.3.9f1 (ad3870b89536)
Branch:                  2021.3/staging
Build type:              Release
Batch mode:              YES
macOS version:           Version 12.2 (Build 21D49)
Darwin version:          21.3.0
Architecture:            x86_64
Running under Rosetta:   NO
Available memory:        8192 MB
Using pre-set license
Pro License: YES

COMMAND LINE ARGUMENTS:
/Applications/Unity/Hub/Editor/2021.3.9f1/Unity.app/Contents/MacOS/Unity
-adb2
-batchMode
-noUpm
-name
AssetImportWorker0
-projectPath
/Users/carlos/Documents/Semestre IX/Gráficas Computacionales/Proyecto/Graficas-computacionales/terrain
-logFile
Logs/AssetImportWorker0.log
-srvPort
59669
Successfully changed project path to: /Users/carlos/Documents/Semestre IX/Gráficas Computacionales/Proyecto/Graficas-computacionales/terrain
/Users/carlos/Documents/Semestre IX/Gráficas Computacionales/Proyecto/Graficas-computacionales/terrain
[UnityMemory] Configuration Parameters - Can be set up in boot.config
    "memorysetup-bucket-allocator-granularity=16"
    "memorysetup-bucket-allocator-bucket-count=8"
    "memorysetup-bucket-allocator-block-size=33554432"
    "memorysetup-bucket-allocator-block-count=8"
    "memorysetup-main-allocator-block-size=16777216"
    "memorysetup-thread-allocator-block-size=16777216"
    "memorysetup-gfx-main-allocator-block-size=16777216"
    "memorysetup-gfx-thread-allocator-block-size=16777216"
    "memorysetup-cache-allocator-block-size=4194304"
    "memorysetup-typetree-allocator-block-size=2097152"
    "memorysetup-profiler-bucket-allocator-granularity=16"
    "memorysetup-profiler-bucket-allocator-bucket-count=8"
    "memorysetup-profiler-bucket-allocator-block-size=33554432"
    "memorysetup-profiler-bucket-allocator-block-count=8"
    "memorysetup-profiler-allocator-block-size=16777216"
    "memorysetup-profiler-editor-allocator-block-size=1048576"
    "memorysetup-temp-allocator-size-main=16777216"
    "memorysetup-job-temp-allocator-block-size=2097152"
    "memorysetup-job-temp-allocator-block-size-background=1048576"
    "memorysetup-job-temp-allocator-reduction-small-platforms=262144"
    "memorysetup-temp-allocator-size-background-worker=32768"
    "memorysetup-temp-allocator-size-job-worker=262144"
    "memorysetup-temp-allocator-size-preload-manager=33554432"
    "memorysetup-temp-allocator-size-nav-mesh-worker=65536"
    "memorysetup-temp-allocator-size-audio-worker=65536"
    "memorysetup-temp-allocator-size-cloud-worker=32768"
    "memorysetup-temp-allocator-size-gi-baking-worker=262144"
    "memorysetup-temp-allocator-size-gfx=262144"
Refreshing native plugins compatible for Editor in 114.18 ms, found 2 plugins.
Preloading 0 native plugins for Editor in 0.00 ms.
Initialize engine version: 2021.3.9f1 (ad3870b89536)
[Subsystems] Discovering subsystems at path /Applications/Unity/Hub/Editor/2021.3.9f1/Unity.app/Contents/Resources/UnitySubsystems
[Subsystems] Discovering subsystems at path /Users/carlos/Documents/Semestre IX/Gráficas Computacionales/Proyecto/Graficas-computacionales/terrain/Assets
GfxDevice: creating device client; threaded=0; jobified=0
Color LCD preferred device: Intel(R) Iris(TM) Plus Graphics 650 (low power)
Metal devices available: 1
0: Intel(R) Iris(TM) Plus Graphics 650 (low power)
Using device Intel(R) Iris(TM) Plus Graphics 650 (low power)
Initializing Metal device caps: Intel(R) Iris(TM) Plus Graphics 650
Initialize mono
Mono path[0] = '/Applications/Unity/Hub/Editor/2021.3.9f1/Unity.app/Contents/Managed'
Mono path[1] = '/Applications/Unity/Hub/Editor/2021.3.9f1/Unity.app/Contents/MonoBleedingEdge/lib/mono/unityjit-macos'
Mono config path = '/Applications/Unity/Hub/Editor/2021.3.9f1/Unity.app/Contents/MonoBleedingEdge/etc'
Using monoOptions --debugger-agent=transport=dt_socket,embedding=1,server=y,suspend=n,address=127.0.0.1:56077
Begin MonoManager ReloadAssembly
Registering precompiled unity dll's ...
Register platform support module: /Applications/Unity/Hub/Editor/2021.3.9f1/Unity.app/Contents/PlaybackEngines/MacStandaloneSupport/UnityEditor.OSXStandalone.Extensions.dll
Registered in 0.003571 seconds.
Native extension for OSXStandalone target not found
Refreshing native plugins compatible for Editor in 163.09 ms, found 2 plugins.
Preloading 0 native plugins for Editor in 0.00 ms.
Mono: successfully reloaded assembly
- Completed reload, in  1.715 seconds
Domain Reload Profiling:
	ReloadAssembly (1715ms)
		BeginReloadAssembly (247ms)
			ExecutionOrderSort (0ms)
			DisableScriptedObjects (0ms)
			BackupInstance (0ms)
			ReleaseScriptingObjects (0ms)
			CreateAndSetChildDomain (1ms)
		EndReloadAssembly (1195ms)
			LoadAssemblies (252ms)
			RebuildTransferFunctionScriptingTraits (0ms)
			SetupTypeCache (280ms)
			ReleaseScriptCaches (0ms)
			RebuildScriptCaches (95ms)
			SetupLoadedEditorAssemblies (696ms)
				LogAssemblyErrors (0ms)
				InitializePlatformSupportModulesInManaged (13ms)
				SetLoadedEditorAssemblies (0ms)
				RefreshPlugins (163ms)
				BeforeProcessingInitializeOnLoad (3ms)
				ProcessInitializeOnLoadAttributes (421ms)
				ProcessInitializeOnLoadMethodAttributes (95ms)
				AfterProcessingInitializeOnLoad (0ms)
				EditorAssembliesLoaded (0ms)
			ExecutionOrderSort2 (0ms)
			AwakeInstancesAfterBackupRestoration (0ms)
Platform modules already initialized, skipping
Registering precompiled user dll's ...
Registered in 0.002586 seconds.
Begin MonoManager ReloadAssembly
Symbol file LoadedFromMemory doesn't match image /Users/carlos/Documents/Semestre IX/Gráficas Computacionales/Proyecto/Graficas-computacionales/terrain/Library/PackageCache/com.unity.visualscripting@1.7.8/Editor/VisualScripting.Core/Dependencies/YamlDotNet/Unity.VisualScripting.YamlDotNet.dll
Symbol file LoadedFromMemory doesn't match image /Users/carlos/Documents/Semestre IX/Gráficas Computacionales/Proyecto/Graficas-computacionales/terrain/Library/PackageCache/com.unity.visualscripting@1.7.8/Editor/VisualScripting.Core/Dependencies/DotNetZip/Unity.VisualScripting.IonicZip.dll
Native extension for OSXStandalone target not found
Refreshing native plugins compatible for Editor in 0.68 ms, found 2 plugins.
Preloading 0 native plugins for Editor in 0.00 ms.
Mono: successfully reloaded assembly
- Completed reload, in  1.831 seconds
Domain Reload Profiling:
	ReloadAssembly (1833ms)
		BeginReloadAssembly (138ms)
			ExecutionOrderSort (0ms)
			DisableScriptedObjects (9ms)
			BackupInstance (0ms)
			ReleaseScriptingObjects (0ms)
			CreateAndSetChildDomain (28ms)
		EndReloadAssembly (1521ms)
			LoadAssemblies (221ms)
			RebuildTransferFunctionScriptingTraits (0ms)
			SetupTypeCache (470ms)
			ReleaseScriptCaches (1ms)
			RebuildScriptCaches (139ms)
			SetupLoadedEditorAssemblies (574ms)
				LogAssemblyErrors (0ms)
				InitializePlatformSupportModulesInManaged (6ms)
				SetLoadedEditorAssemblies (1ms)
				RefreshPlugins (1ms)
				BeforeProcessingInitializeOnLoad (112ms)
				ProcessInitializeOnLoadAttributes (390ms)
				ProcessInitializeOnLoadMethodAttributes (62ms)
				AfterProcessingInitializeOnLoad (1ms)
				EditorAssembliesLoaded (0ms)
			ExecutionOrderSort2 (0ms)
			AwakeInstancesAfterBackupRestoration (6ms)
Platform modules already initialized, skipping
========================================================================
Worker process is ready to serve import requests
Launching external process: /Applications/Unity/Hub/Editor/2021.3.9f1/Unity.app/Contents/Tools/UnityShaderCompiler
Launched and connected shader compiler UnityShaderCompiler after 0.12 seconds
Refreshing native plugins compatible for Editor in 0.76 ms, found 2 plugins.
Preloading 0 native plugins for Editor in 0.00 ms.
Unloading 3380 Unused Serialized files (Serialized files now loaded: 0)
Unloading 27 unused Assets / (97.5 KB). Loaded Objects now: 3857.
Memory consumption went from 244.3 MB to 244.2 MB.
Total: 7.938648 ms (FindLiveObjects: 0.466462 ms CreateObjectMapping: 0.329637 ms MarkObjects: 6.855686 ms  DeleteObjects: 0.285041 ms)

AssetImportParameters requested are different than current active one (requested -> active):
  custom:video-decoder-ogg-theora: a1e56fd34408186e4bbccfd4996cb3dc -> 
  custom:container-muxer-webm: aa71ff27fc2769a1b78a27578f13a17b -> 
  custom:container-demuxer-webm: 4f35f7cbe854078d1ac9338744f61a02 -> 
  custom:video-encoder-webm-vp8: eb34c28f22e8b96e1ab97ce403110664 -> 
  custom:framework-osx-AVFoundation: e770b220cccbd017edd2c1fefb359320 -> 
  custom:audio-encoder-webm-vorbis: bf7c407c2cedff20999df2af8eb42d56 -> 
  custom:container-demuxer-ogg: 62fdf1f143b41e24485cea50d1cbac27 -> 
  custom:video-decoder-webm-vp8: 9c59270c3fd7afecdb556c50c9e8de78 -> 
  custom:audio-decoder-ogg-vorbis: bf7c407c2cedff20999df2af8eb42d56 -> 
========================================================================
Received Import Request.
  Time since last request: 761175.705254 seconds.
  path: Assets/Materials/New Material 1.mat
  artifactKey: Guid(51d23e9a520364cab91157e2dacff83a) Importer(815301076,1909f56bfc062723c751e8b465ee728b)
Start importing Assets/Materials/New Material 1.mat using Guid(51d23e9a520364cab91157e2dacff83a) Importer(815301076,1909f56bfc062723c751e8b465ee728b)  -> (artifact id: '7aa8f254b045a0f12365769a20e03827') in 1.761954 seconds 
========================================================================
Received Import Request.
  Time since last request: 45.819039 seconds.
  path: Assets/Materials/Stone.mat
  artifactKey: Guid(51d23e9a520364cab91157e2dacff83a) Importer(815301076,1909f56bfc062723c751e8b465ee728b)
Start importing Assets/Materials/Stone.mat using Guid(51d23e9a520364cab91157e2dacff83a) Importer(815301076,1909f56bfc062723c751e8b465ee728b)  -> (artifact id: '18ade4fd76abf00d944ce5249944ff29') in 0.032121 seconds 
========================================================================
Received Import Request.
  Time since last request: 65.343111 seconds.
  path: Assets/Materials/stone.jpeg
  artifactKey: Guid(c322a96b58e16430e8c41eec948fc26e) Importer(815301076,1909f56bfc062723c751e8b465ee728b)
Start importing Assets/Materials/stone.jpeg using Guid(c322a96b58e16430e8c41eec948fc26e) Importer(815301076,1909f56bfc062723c751e8b465ee728b)  -> (artifact id: '081e70c93a842174a60a73987278c0fe') in 2.431673 seconds 
========================================================================
Received Import Request.
  Time since last request: 45.583578 seconds.
  path: Assets/Materials/stone.jpeg
  artifactKey: Guid(c322a96b58e16430e8c41eec948fc26e) Importer(815301076,1909f56bfc062723c751e8b465ee728b)
Start importing Assets/Materials/stone.jpeg using Guid(c322a96b58e16430e8c41eec948fc26e) Importer(815301076,1909f56bfc062723c751e8b465ee728b)  -> (artifact id: '673678a15a21a7a491eb84e2753aa412') in 0.126786 seconds 
========================================================================
Received Import Request.
  Time since last request: 58.515484 seconds.
  path: Assets/Materials/stonemap.jpeg
  artifactKey: Guid(c322a96b58e16430e8c41eec948fc26e) Importer(815301076,1909f56bfc062723c751e8b465ee728b)
Start importing Assets/Materials/stonemap.jpeg using Guid(c322a96b58e16430e8c41eec948fc26e) Importer(815301076,1909f56bfc062723c751e8b465ee728b)  -> (artifact id: 'c7f642becee8d493c165e29eba6225bd') in 0.015420 seconds 
========================================================================
Received Import Request.
  Time since last request: 12.713043 seconds.
  path: Assets/Materials/stone.jpeg
  artifactKey: Guid(917b940c9ef714ef6a033fc66dcb3112) Importer(815301076,1909f56bfc062723c751e8b465ee728b)
Start importing Assets/Materials/stone.jpeg using Guid(917b940c9ef714ef6a033fc66dcb3112) Importer(815301076,1909f56bfc062723c751e8b465ee728b)  -> (artifact id: 'a08fa870d0ae0a0b79d90d935836e9d1') in 0.011651 seconds 
========================================================================
Received Import Request.
  Time since last request: 26.732148 seconds.
  path: Packages/com.unity.collab-proxy/Editor/PlasticSCM/Assets/Images/stepok@2x.png
  artifactKey: Guid(be340a165cb9c8d4cb50f1deeb51d4ea) Importer(815301076,1909f56bfc062723c751e8b465ee728b)
Start importing Packages/com.unity.collab-proxy/Editor/PlasticSCM/Assets/Images/stepok@2x.png using Guid(be340a165cb9c8d4cb50f1deeb51d4ea) Importer(815301076,1909f56bfc062723c751e8b465ee728b)  -> (artifact id: '30a5d568546a91568773a38603e375f7') in 3.302528 seconds 
========================================================================
Received Import Request.
  Time since last request: 0.001130 seconds.
  path: Packages/com.unity.timeline/Editor/StyleSheets/Images/Icons/Timeline-Marker-Warning-Overlay.png
  artifactKey: Guid(945f4ecec6df62244b9ebcc363833642) Importer(815301076,1909f56bfc062723c751e8b465ee728b)
Start importing Packages/com.unity.timeline/Editor/StyleSheets/Images/Icons/Timeline-Marker-Warning-Overlay.png using Guid(945f4ecec6df62244b9ebcc363833642) Importer(815301076,1909f56bfc062723c751e8b465ee728b)  -> (artifact id: 'd0dc79242141dfbbcdc87046fe8e102b') in 0.019541 seconds 
========================================================================
Received Import Request.
  Time since last request: 0.001442 seconds.
  path: Packages/com.unity.timeline/Editor/StyleSheets/Images/LightSkin/TimelineActivation.png
  artifactKey: Guid(2887294cc7f1fe840bff6e349409648d) Importer(815301076,1909f56bfc062723c751e8b465ee728b)
Start importing Packages/com.unity.timeline/Editor/StyleSheets/Images/LightSkin/TimelineActivation.png using Guid(2887294cc7f1fe840bff6e349409648d) Importer(815301076,1909f56bfc062723c751e8b465ee728b)  -> (artifact id: '7609fb02d70c95e4846c4fbcc879ae69') in 0.027352 seconds 
========================================================================
Received Import Request.
  Time since last request: 0.000079 seconds.
  path: Packages/com.unity.timeline/Editor/StyleSheets/Images/LightSkin/TimelineAutokey.png
  artifactKey: Guid(af3aec622aef40c45813b39e405966a3) Importer(815301076,1909f56bfc062723c751e8b465ee728b)
Start importing Packages/com.unity.timeline/Editor/StyleSheets/Images/LightSkin/TimelineAutokey.png using Guid(af3aec622aef40c45813b39e405966a3) Importer(815301076,1909f56bfc062723c751e8b465ee728b)  -> (artifact id: 'af1a97e25673c93266cfe545d5cc43ef') in 0.025425 seconds 
========================================================================
Received Import Request.
  Time since last request: 750.495632 seconds.
  path: Assets/polygonTrees/polygonTrees/scene/models/scene.fbx
  artifactKey: Guid(ef7148b3fe80b1466b73d00b3717b79c) Importer(815301076,1909f56bfc062723c751e8b465ee728b)
Start importing Assets/polygonTrees/polygonTrees/scene/models/scene.fbx using Guid(ef7148b3fe80b1466b73d00b3717b79c) Importer(815301076,1909f56bfc062723c751e8b465ee728b)  -> (artifact id: '2c9a8566eee0a84eb9e0778005b01c45') in 1.176201 seconds 
========================================================================
Received Import Request.
  Time since last request: 457.295241 seconds.
  path: Assets/polygonTrees/polygonTrees/models/rocks/rock/editableMAterial/rockMaterial.mat
  artifactKey: Guid(006deb79e4e515a6faa3c01b735fd1c2) Importer(815301076,1909f56bfc062723c751e8b465ee728b)
Start importing Assets/polygonTrees/polygonTrees/models/rocks/rock/editableMAterial/rockMaterial.mat using Guid(006deb79e4e515a6faa3c01b735fd1c2) Importer(815301076,1909f56bfc062723c751e8b465ee728b)  -> (artifact id: 'd6fa5639155c3ac5739ff82dd0f4803e') in 0.075569 seconds 
========================================================================
Received Import Request.
  Time since last request: 3.739310 seconds.
  path: Assets/polygonTrees/polygonTrees/models/rocks/redRock/editableMAterial/redRockMaterial.mat
  artifactKey: Guid(7ac5b612a5fcae30897c8ae078f1143e) Importer(815301076,1909f56bfc062723c751e8b465ee728b)
Start importing Assets/polygonTrees/polygonTrees/models/rocks/redRock/editableMAterial/redRockMaterial.mat using Guid(7ac5b612a5fcae30897c8ae078f1143e) Importer(815301076,1909f56bfc062723c751e8b465ee728b)  -> (artifact id: '9f5e9bbcee1bc0bd135f5e957fbd2eef') in 0.015679 seconds 
========================================================================
Received Import Request.
  Time since last request: 4.228657 seconds.
  path: Assets/polygonTrees/polygonTrees/models/rocks/rock/rock.fbx
  artifactKey: Guid(2e66151beec2ccfbfbdd935d2fb198e3) Importer(815301076,1909f56bfc062723c751e8b465ee728b)
Start importing Assets/polygonTrees/polygonTrees/models/rocks/rock/rock.fbx using Guid(2e66151beec2ccfbfbdd935d2fb198e3) Importer(815301076,1909f56bfc062723c751e8b465ee728b)  -> (artifact id: 'c60158c3bfc99f3ae641918fe8ed92e7') in 0.037245 seconds 
========================================================================
Received Import Request.
  Time since last request: 71.756370 seconds.
  path: Assets/polygonTrees/polygonTrees/models/grass/grass/grass.fbx
  artifactKey: Guid(f8ca77d888ad7c058a3f1ce36ded1aa6) Importer(815301076,1909f56bfc062723c751e8b465ee728b)
Start importing Assets/polygonTrees/polygonTrees/models/grass/grass/grass.fbx using Guid(f8ca77d888ad7c058a3f1ce36ded1aa6) Importer(815301076,1909f56bfc062723c751e8b465ee728b)  -> (artifact id: '7138eece440e51a5eea938819d04fdf6') in 0.112454 seconds 
========================================================================
Received Import Request.
  Time since last request: 0.000115 seconds.
  path: Assets/polygonTrees/polygonTrees/models/shrubs/littleLeavesShrub/editableMaterials/leavesMaterial.mat
  artifactKey: Guid(6cb491792e4b7313ea930d107eda703f) Importer(815301076,1909f56bfc062723c751e8b465ee728b)
Start importing Assets/polygonTrees/polygonTrees/models/shrubs/littleLeavesShrub/editableMaterials/leavesMaterial.mat using Guid(6cb491792e4b7313ea930d107eda703f) Importer(815301076,1909f56bfc062723c751e8b465ee728b)  -> (artifact id: 'bfcb633e6e9e8af797aa2979fe29b19e') in 0.018147 seconds 
========================================================================
Received Import Request.
  Time since last request: 4.086562 seconds.
  path: Assets/polygonTrees/polygonTrees/models/shrubs/bigLeavesShrubs/editableMaterials/leavesMaterial.mat
  artifactKey: Guid(659a034a295888535b056b266ae23989) Importer(815301076,1909f56bfc062723c751e8b465ee728b)
Start importing Assets/polygonTrees/polygonTrees/models/shrubs/bigLeavesShrubs/editableMaterials/leavesMaterial.mat using Guid(659a034a295888535b056b266ae23989) Importer(815301076,1909f56bfc062723c751e8b465ee728b)  -> (artifact id: '83a0f02ef29dd339a07832d5744338bb') in 0.024122 seconds 
========================================================================
Received Import Request.
  Time since last request: 0.203881 seconds.
  path: Assets/polygonTrees/polygonTrees/models/trees/trees/purpleTree/editableMaterials/leavesMaterial.mat
  artifactKey: Guid(324b7782d067e21edbca6af4a0e0dec3) Importer(815301076,1909f56bfc062723c751e8b465ee728b)
Start importing Assets/polygonTrees/polygonTrees/models/trees/trees/purpleTree/editableMaterials/leavesMaterial.mat using Guid(324b7782d067e21edbca6af4a0e0dec3) Importer(815301076,1909f56bfc062723c751e8b465ee728b)  -> (artifact id: '13892d186f98bd1342761fe33f76b0b9') in 0.034797 seconds 
========================================================================
Received Import Request.
  Time since last request: 0.151616 seconds.
  path: Assets/polygonTrees/polygonTrees/models/trees/trees/simpleTree/editableMaterials/leavesMaterial.mat
  artifactKey: Guid(967a819c2e61bf0fc8defd81721d5887) Importer(815301076,1909f56bfc062723c751e8b465ee728b)
Start importing Assets/polygonTrees/polygonTrees/models/trees/trees/simpleTree/editableMaterials/leavesMaterial.mat using Guid(967a819c2e61bf0fc8defd81721d5887) Importer(815301076,1909f56bfc062723c751e8b465ee728b)  -> (artifact id: 'a217615d7d5ca9584b330edffb1e1f73') in 0.015509 seconds 
========================================================================
Received Import Request.
  Time since last request: 0.000076 seconds.
  path: Assets/polygonTrees/polygonTrees/models/trees/trees/tree/tree.fbx
  artifactKey: Guid(f14cb1c1dbd9f186e8c5fffbe4226805) Importer(815301076,1909f56bfc062723c751e8b465ee728b)
Start importing Assets/polygonTrees/polygonTrees/models/trees/trees/tree/tree.fbx using Guid(f14cb1c1dbd9f186e8c5fffbe4226805) Importer(815301076,1909f56bfc062723c751e8b465ee728b)  -> (artifact id: '37e225ce344553b13dd4fb1a38cce2f6') in 0.194989 seconds 
========================================================================
Received Import Request.
  Time since last request: 0.252575 seconds.
  path: Assets/polygonTrees/polygonTrees/models/trees/trees/tree/editableMaterial/leavesMaterial.mat
  artifactKey: Guid(4c49aba04159a6ecd8d206938ba20811) Importer(815301076,1909f56bfc062723c751e8b465ee728b)
Start importing Assets/polygonTrees/polygonTrees/models/trees/trees/tree/editableMaterial/leavesMaterial.mat using Guid(4c49aba04159a6ecd8d206938ba20811) Importer(815301076,1909f56bfc062723c751e8b465ee728b)  -> (artifact id: '1a8613f0b2ae4c74e1f01ea843189e18') in 0.022423 seconds 
========================================================================
Received Import Request.
  Time since last request: 0.025525 seconds.
  path: Assets/polygonTrees/polygonTrees/models/grass/littleGrass/editableMatreial/littleGrassMaterial.mat
  artifactKey: Guid(27efdf794887a606eba189ee465b7304) Importer(815301076,1909f56bfc062723c751e8b465ee728b)
Start importing Assets/polygonTrees/polygonTrees/models/grass/littleGrass/editableMatreial/littleGrassMaterial.mat using Guid(27efdf794887a606eba189ee465b7304) Importer(815301076,1909f56bfc062723c751e8b465ee728b)  -> (artifact id: '5f5184f90fe83a5230659871b59f5f85') in 0.031269 seconds 
========================================================================
Received Import Request.
  Time since last request: 1.561109 seconds.
  path: Assets/castle_assets_package/Materials/mtl_barrel.mat
  artifactKey: Guid(caf2c870791cf1d4fba9039fc00655b4) Importer(815301076,1909f56bfc062723c751e8b465ee728b)
Start importing Assets/castle_assets_package/Materials/mtl_barrel.mat using Guid(caf2c870791cf1d4fba9039fc00655b4) Importer(815301076,1909f56bfc062723c751e8b465ee728b)  -> (artifact id: '65b60d604cf1e8214d185f148ab30594') in 0.019940 seconds 
========================================================================
Received Import Request.
  Time since last request: 0.149205 seconds.
  path: Assets/castle_assets_package/Materials/mtl_darkGrey.mat
  artifactKey: Guid(833f8686d8917964ab0ff1f5aceaa417) Importer(815301076,1909f56bfc062723c751e8b465ee728b)
Start importing Assets/castle_assets_package/Materials/mtl_darkGrey.mat using Guid(833f8686d8917964ab0ff1f5aceaa417) Importer(815301076,1909f56bfc062723c751e8b465ee728b)  -> (artifact id: 'f177b8bbfd486c2d04cbdc3bc5e3d3e2') in 0.033564 seconds 
========================================================================
Received Import Request.
  Time since last request: 0.008595 seconds.
  path: Assets/castle_assets_package/Materials/mtl_gummy_floor.mat
  artifactKey: Guid(d0297d261768ffa498a7af64a15e23dc) Importer(815301076,1909f56bfc062723c751e8b465ee728b)
Start importing Assets/castle_assets_package/Materials/mtl_gummy_floor.mat using Guid(d0297d261768ffa498a7af64a15e23dc) Importer(815301076,1909f56bfc062723c751e8b465ee728b)  -> (artifact id: '7290c64adcb0595ff3e208bcfaf036fc') in 0.604131 seconds 
========================================================================
Received Import Request.
  Time since last request: 3.155107 seconds.
  path: Assets/polygonTrees/polygonTrees/models/shrubs/littleLeavesShrub/editableMaterials/shrubMaterial.mat
  artifactKey: Guid(c25517ee5a76f09549ca2824ff138bd4) Importer(815301076,1909f56bfc062723c751e8b465ee728b)
Start importing Assets/polygonTrees/polygonTrees/models/shrubs/littleLeavesShrub/editableMaterials/shrubMaterial.mat using Guid(c25517ee5a76f09549ca2824ff138bd4) Importer(815301076,1909f56bfc062723c751e8b465ee728b)  -> (artifact id: '0506e0338259fb4b32c73837bf4c8967') in 0.019817 seconds 
========================================================================
Received Import Request.
  Time since last request: 0.153019 seconds.
  path: Assets/polygonTrees/polygonTrees/models/shrubs/bigLeavesShrubs/editableMaterials/shrubsMaterial.mat
  artifactKey: Guid(21f650163a1f53258841019fce3de45c) Importer(815301076,1909f56bfc062723c751e8b465ee728b)
Start importing Assets/polygonTrees/polygonTrees/models/shrubs/bigLeavesShrubs/editableMaterials/shrubsMaterial.mat using Guid(21f650163a1f53258841019fce3de45c) Importer(815301076,1909f56bfc062723c751e8b465ee728b)  -> (artifact id: 'b888bf680b4dc8824fbd5331e796b08f') in 0.044396 seconds 
========================================================================
Received Import Request.
  Time since last request: 1.282235 seconds.
  path: Assets/polygonTrees/polygonTrees/models/trees/trees/tree/editableMaterial/treeMaterial.mat
  artifactKey: Guid(d75bd6a5a32a51369ad7be6de5d0d050) Importer(815301076,1909f56bfc062723c751e8b465ee728b)
Start importing Assets/polygonTrees/polygonTrees/models/trees/trees/tree/editableMaterial/treeMaterial.mat using Guid(d75bd6a5a32a51369ad7be6de5d0d050) Importer(815301076,1909f56bfc062723c751e8b465ee728b)  -> (artifact id: '9456f709765be231064a89135e946728') in 0.024414 seconds 
========================================================================
Received Import Request.
  Time since last request: 0.137172 seconds.
  path: Assets/polygonTrees/polygonTrees/models/trees/deadTrees/dryBigLeavesTree/editableMAterial/TreeMaterial.mat
  artifactKey: Guid(700550ff96aeb4b95b27ff24e7a9e5a6) Importer(815301076,1909f56bfc062723c751e8b465ee728b)
Start importing Assets/polygonTrees/polygonTrees/models/trees/deadTrees/dryBigLeavesTree/editableMAterial/TreeMaterial.mat using Guid(700550ff96aeb4b95b27ff24e7a9e5a6) Importer(815301076,1909f56bfc062723c751e8b465ee728b)  -> (artifact id: '8a07c4455b23331b84717901c29f992c') in 0.045558 seconds 
========================================================================
Received Import Request.
  Time since last request: 1.822269 seconds.
  path: Assets/polygonTrees/polygonTrees/models/trees/deadTrees/dryFallenBranchesTree/dryFallenBranchesTree.fbx
  artifactKey: Guid(049f54454f82d8835906f0cb01d2a8ba) Importer(815301076,1909f56bfc062723c751e8b465ee728b)
Start importing Assets/polygonTrees/polygonTrees/models/trees/deadTrees/dryFallenBranchesTree/dryFallenBranchesTree.fbx using Guid(049f54454f82d8835906f0cb01d2a8ba) Importer(815301076,1909f56bfc062723c751e8b465ee728b)  -> (artifact id: '55defe87169d847b18e4932648d2fef2') in 0.101153 seconds 
========================================================================
Received Import Request.
  Time since last request: 0.036879 seconds.
  path: Assets/polygonTrees/polygonTrees/models/trees/deadTrees/dryFallenBranchesTree/editableMAtrial/treeMaterial.mat
  artifactKey: Guid(84c86fe681f2395bf9edff18bcbab18a) Importer(815301076,1909f56bfc062723c751e8b465ee728b)
Start importing Assets/polygonTrees/polygonTrees/models/trees/deadTrees/dryFallenBranchesTree/editableMAtrial/treeMaterial.mat using Guid(84c86fe681f2395bf9edff18bcbab18a) Importer(815301076,1909f56bfc062723c751e8b465ee728b)  -> (artifact id: '0d055e10729537d3fe1f4e285a3dce0c') in 0.038410 seconds 
========================================================================
Received Import Request.
  Time since last request: 3.089304 seconds.
  path: Assets/polygonTrees/polygonTrees/models/trees/deadTrees/drySimpleTree/drySimpleTree.fbx
  artifactKey: Guid(96446aea739513405b3032ea09a7f075) Importer(815301076,1909f56bfc062723c751e8b465ee728b)
Start importing Assets/polygonTrees/polygonTrees/models/trees/deadTrees/drySimpleTree/drySimpleTree.fbx using Guid(96446aea739513405b3032ea09a7f075) Importer(815301076,1909f56bfc062723c751e8b465ee728b)  -> (artifact id: '830ab7e8ee7c303e43c62ade456ea1fa') in 0.076561 seconds 
========================================================================
Received Import Request.
  Time since last request: 0.029324 seconds.
  path: Assets/polygonTrees/polygonTrees/models/trees/deadTrees/dryTree/editableMaterial/treeMaterial.mat
  artifactKey: Guid(3b85fffb0d3a7c7ccac4930232997dd7) Importer(815301076,1909f56bfc062723c751e8b465ee728b)
Start importing Assets/polygonTrees/polygonTrees/models/trees/deadTrees/dryTree/editableMaterial/treeMaterial.mat using Guid(3b85fffb0d3a7c7ccac4930232997dd7) Importer(815301076,1909f56bfc062723c751e8b465ee728b)  -> (artifact id: 'a7fe17150de682cff000045196742b25') in 0.038808 seconds 
========================================================================
Received Import Request.
  Time since last request: 0.088678 seconds.
  path: Assets/polygonTrees/polygonTrees/models/trees/trees/bigLeavesTree/editableMaterials/TreeMaterial.mat
  artifactKey: Guid(a8b7017bfcb262a319b78b3ad74b10b2) Importer(815301076,1909f56bfc062723c751e8b465ee728b)
Start importing Assets/polygonTrees/polygonTrees/models/trees/trees/bigLeavesTree/editableMaterials/TreeMaterial.mat using Guid(a8b7017bfcb262a319b78b3ad74b10b2) Importer(815301076,1909f56bfc062723c751e8b465ee728b)  -> (artifact id: '22eaba6df386a74c39e59793b3f7d6a6') in 0.044562 seconds 
========================================================================
Received Import Request.
  Time since last request: 2.320105 seconds.
  path: Assets/polygonTrees/polygonTrees/models/trees/trees/purpleTree/editableMaterials/TreeMaterial.mat
  artifactKey: Guid(2758adbd444112e50b61e512c46c0fd0) Importer(815301076,1909f56bfc062723c751e8b465ee728b)
Start importing Assets/polygonTrees/polygonTrees/models/trees/trees/purpleTree/editableMaterials/TreeMaterial.mat using Guid(2758adbd444112e50b61e512c46c0fd0) Importer(815301076,1909f56bfc062723c751e8b465ee728b)  -> (artifact id: 'bb774415cf7459c6f28a9723b8cb5692') in 0.022406 seconds 
========================================================================
Received Import Request.
  Time since last request: 0.124928 seconds.
  path: Assets/polygonTrees/polygonTrees/models/trees/trees/simpleTree/editableMaterials/treeMaterial.mat
  artifactKey: Guid(787bea74b57e4adf9bfb0835d1cf9610) Importer(815301076,1909f56bfc062723c751e8b465ee728b)
Start importing Assets/polygonTrees/polygonTrees/models/trees/trees/simpleTree/editableMaterials/treeMaterial.mat using Guid(787bea74b57e4adf9bfb0835d1cf9610) Importer(815301076,1909f56bfc062723c751e8b465ee728b)  -> (artifact id: '5292cb25ddbcf00d047b1a127ec0fb43') in 0.023960 seconds 
========================================================================
Received Import Request.
  Time since last request: 0.092075 seconds.
  path: Assets/polygonTrees/polygonTrees/models/trees/deadTrees/drySimpleTree/editableMaterial/treeMaterial.mat
  artifactKey: Guid(bf39d45ea2c7eaa25b40eb2e2543c16d) Importer(815301076,1909f56bfc062723c751e8b465ee728b)
Start importing Assets/polygonTrees/polygonTrees/models/trees/deadTrees/drySimpleTree/editableMaterial/treeMaterial.mat using Guid(bf39d45ea2c7eaa25b40eb2e2543c16d) Importer(815301076,1909f56bfc062723c751e8b465ee728b)  -> (artifact id: '9e455955aab3bbf1cc82fb0082f9d120') in 0.016223 seconds 
========================================================================
Received Import Request.
  Time since last request: 23.091606 seconds.
  path: Assets/polygonTrees/polygonTrees/models/dryBranch/dryBranch/editableMaterial/deadTreeMaterial.mat
  artifactKey: Guid(d4bc6858a3a2523efadf121c0fe13d91) Importer(815301076,1909f56bfc062723c751e8b465ee728b)
Start importing Assets/polygonTrees/polygonTrees/models/dryBranch/dryBranch/editableMaterial/deadTreeMaterial.mat using Guid(d4bc6858a3a2523efadf121c0fe13d91) Importer(815301076,1909f56bfc062723c751e8b465ee728b)  -> (artifact id: 'dac6ea8940ace02b04b34408fd24cf1d') in 0.062250 seconds 
========================================================================
Received Import Request.
  Time since last request: 0.000699 seconds.
  path: Assets/polygonTrees/polygonTrees/models/rocks/blackRock/editableMAterial/blackRockMaterial.mat
  artifactKey: Guid(378f33bb7e5020c928dcfcea78d6b38d) Importer(815301076,1909f56bfc062723c751e8b465ee728b)
Start importing Assets/polygonTrees/polygonTrees/models/rocks/blackRock/editableMAterial/blackRockMaterial.mat using Guid(378f33bb7e5020c928dcfcea78d6b38d) Importer(815301076,1909f56bfc062723c751e8b465ee728b)  -> (artifact id: '22812500423abc30634015772f3b1566') in 0.020367 seconds 
========================================================================
Received Import Request.
  Time since last request: 896.354522 seconds.
  path: Assets/Materials/grass.jpeg
  artifactKey: Guid(cd321f56c0fcd41afba18bde5e8fadf7) Importer(815301076,1909f56bfc062723c751e8b465ee728b)
Start importing Assets/Materials/grass.jpeg using Guid(cd321f56c0fcd41afba18bde5e8fadf7) Importer(815301076,1909f56bfc062723c751e8b465ee728b)  -> (artifact id: '4a0e8b063e8b1f606a8f9ad91a2e536c') in 0.064847 seconds 
========================================================================
Received Import Request.
  Time since last request: 4.228310 seconds.
  path: Assets/Materials/grassmap.jpeg
  artifactKey: Guid(cd321f56c0fcd41afba18bde5e8fadf7) Importer(815301076,1909f56bfc062723c751e8b465ee728b)
Start importing Assets/Materials/grassmap.jpeg using Guid(cd321f56c0fcd41afba18bde5e8fadf7) Importer(815301076,1909f56bfc062723c751e8b465ee728b)  -> (artifact id: '6065c4b40075ee7a144e2157bcadeb30') in 0.015690 seconds 
========================================================================
Received Import Request.
  Time since last request: 13.346262 seconds.
  path: Assets/Materials/grassmap.jpeg
  artifactKey: Guid(cd321f56c0fcd41afba18bde5e8fadf7) Importer(815301076,1909f56bfc062723c751e8b465ee728b)
Start importing Assets/Materials/grassmap.jpeg using Guid(cd321f56c0fcd41afba18bde5e8fadf7) Importer(815301076,1909f56bfc062723c751e8b465ee728b)  -> (artifact id: 'a3c64ccfebbae3de5e131b6558e64e15') in 0.022980 seconds 
========================================================================
Received Import Request.
  Time since last request: 10.547992 seconds.
  path: Assets/Materials/grass.jpeg
  artifactKey: Guid(380176e074658481fb42f672903fedfc) Importer(815301076,1909f56bfc062723c751e8b465ee728b)
Start importing Assets/Materials/grass.jpeg using Guid(380176e074658481fb42f672903fedfc) Importer(815301076,1909f56bfc062723c751e8b465ee728b)  -> (artifact id: 'c3b5decdeb9b793a7107b08b7ebaa29c') in 0.023074 seconds 
========================================================================
Received Import Request.
  Time since last request: 17.982797 seconds.
  path: Assets/Materials/New Material 1.mat
  artifactKey: Guid(1e65eda6653d04092bbc4163b0371395) Importer(815301076,1909f56bfc062723c751e8b465ee728b)
Start importing Assets/Materials/New Material 1.mat using Guid(1e65eda6653d04092bbc4163b0371395) Importer(815301076,1909f56bfc062723c751e8b465ee728b)  -> (artifact id: 'c96868228039a67fe9355d1ac148017f') in 0.029775 seconds 
========================================================================
Received Import Request.
  Time since last request: 63.710545 seconds.
  path: Assets/Materials/Grass.mat
  artifactKey: Guid(1e65eda6653d04092bbc4163b0371395) Importer(815301076,1909f56bfc062723c751e8b465ee728b)
Start importing Assets/Materials/Grass.mat using Guid(1e65eda6653d04092bbc4163b0371395) Importer(815301076,1909f56bfc062723c751e8b465ee728b)  -> (artifact id: '92b492ac7f72a648860f944891f3ff5a') in 0.648437 seconds 
========================================================================
Received Import Request.
  Time since last request: 211.528202 seconds.
  path: Assets/3D Haven/NewLayer.terrainlayer
  artifactKey: Guid(54ace0099bbf341638ddd0defc8bfc86) Importer(815301076,1909f56bfc062723c751e8b465ee728b)
Start importing Assets/3D Haven/NewLayer.terrainlayer using Guid(54ace0099bbf341638ddd0defc8bfc86) Importer(815301076,1909f56bfc062723c751e8b465ee728b)  -> (artifact id: '2f14d45ba9aeb593500dc30dfd0b0f42') in 0.253953 seconds 
========================================================================
Received Import Request.
  Time since last request: 182.933375 seconds.
  path: Packages/com.unity.collab-proxy/Editor/Collaborate/Assets/Icons/added-file-dark.png
  artifactKey: Guid(1a4f52b613391cd449af3ad2e44affeb) Importer(815301076,1909f56bfc062723c751e8b465ee728b)
Start importing Packages/com.unity.collab-proxy/Editor/Collaborate/Assets/Icons/added-file-dark.png using Guid(1a4f52b613391cd449af3ad2e44affeb) Importer(815301076,1909f56bfc062723c751e8b465ee728b)  -> (artifact id: '780ab4c976e9709d675b253409452cfa') in 0.208546 seconds 
========================================================================
Received Import Request.
  Time since last request: 0.001787 seconds.
  path: Packages/com.unity.collab-proxy/Editor/Collaborate/Assets/Icons/back-light@2x.png
  artifactKey: Guid(f5c57327df0fa294c8209aa216435167) Importer(815301076,1909f56bfc062723c751e8b465ee728b)
Start importing Packages/com.unity.collab-proxy/Editor/Collaborate/Assets/Icons/back-light@2x.png using Guid(f5c57327df0fa294c8209aa216435167) Importer(815301076,1909f56bfc062723c751e8b465ee728b)  -> (artifact id: 'f0ea9b6bca89ae583be0cfa42a67b385') in 0.026319 seconds 
========================================================================
Received Import Request.
  Time since last request: 0.008128 seconds.
  path: Packages/com.unity.collab-proxy/Editor/Collaborate/Assets/Icons/back-dark.png
  artifactKey: Guid(8e3ec2dfd58b79842aa78376678a9a05) Importer(815301076,1909f56bfc062723c751e8b465ee728b)
Start importing Packages/com.unity.collab-proxy/Editor/Collaborate/Assets/Icons/back-dark.png using Guid(8e3ec2dfd58b79842aa78376678a9a05) Importer(815301076,1909f56bfc062723c751e8b465ee728b)  -> (artifact id: '203c7d2a272db8447314ce78c0371e02') in 0.025000 seconds 
========================================================================
Received Import Request.
  Time since last request: 0.000107 seconds.
  path: Packages/com.unity.collab-proxy/Editor/PlasticSCM/Assets/Images/buttonssosigninemail.png
  artifactKey: Guid(d24e7e0b75e1a244bb9687d6fd4315ef) Importer(815301076,1909f56bfc062723c751e8b465ee728b)
Start importing Packages/com.unity.collab-proxy/Editor/PlasticSCM/Assets/Images/buttonssosigninemail.png using Guid(d24e7e0b75e1a244bb9687d6fd4315ef) Importer(815301076,1909f56bfc062723c751e8b465ee728b)  -> (artifact id: 'a83cf036a2e971274014c4bb119cc818') in 0.059039 seconds 
========================================================================
Received Import Request.
  Time since last request: 0.000067 seconds.
  path: Packages/com.unity.collab-proxy/Editor/PlasticSCM/Assets/Images/buttonssosigninunity.png
  artifactKey: Guid(f9161c6c9e06dc445ada3ee16d991f90) Importer(815301076,1909f56bfc062723c751e8b465ee728b)
Start importing Packages/com.unity.collab-proxy/Editor/PlasticSCM/Assets/Images/buttonssosigninunity.png using Guid(f9161c6c9e06dc445ada3ee16d991f90) Importer(815301076,1909f56bfc062723c751e8b465ee728b)  -> (artifact id: 'bbe16f542ec7cc19e371968ec1681784') in 0.023749 seconds 
========================================================================
Received Import Request.
  Time since last request: 0.040272 seconds.
  path: Packages/com.unity.collab-proxy/Editor/PlasticSCM/Assets/Images/buttonssosigninemail@2x.png
  artifactKey: Guid(ddf2e76e8a1f88f46ae1e42277850b48) Importer(815301076,1909f56bfc062723c751e8b465ee728b)
Start importing Packages/com.unity.collab-proxy/Editor/PlasticSCM/Assets/Images/buttonssosigninemail@2x.png using Guid(ddf2e76e8a1f88f46ae1e42277850b48) Importer(815301076,1909f56bfc062723c751e8b465ee728b)  -> (artifact id: '33b5b9158055734469e94f3cd6c9fa24') in 0.067751 seconds 
========================================================================
Received Import Request.
  Time since last request: 0.000630 seconds.
  path: Packages/com.unity.collab-proxy/Editor/Collaborate/Assets/Icons/collaborate-available-changes-dark.png
  artifactKey: Guid(07ab2758fd6b77141ae34a703972f385) Importer(815301076,1909f56bfc062723c751e8b465ee728b)
Start importing Packages/com.unity.collab-proxy/Editor/Collaborate/Assets/Icons/collaborate-available-changes-dark.png using Guid(07ab2758fd6b77141ae34a703972f385) Importer(815301076,1909f56bfc062723c751e8b465ee728b)  -> (artifact id: 'f0bcec0300abbd3d26bb826dfa4fcd25') in 0.098701 seconds 
========================================================================
Received Import Request.
  Time since last request: 0.000088 seconds.
  path: Packages/com.unity.collab-proxy/Editor/Collaborate/Assets/Icons/collaborate-done-light.png
  artifactKey: Guid(68d404d4616084f449a3bc644c023f2c) Importer(815301076,1909f56bfc062723c751e8b465ee728b)
Start importing Packages/com.unity.collab-proxy/Editor/Collaborate/Assets/Icons/collaborate-done-light.png using Guid(68d404d4616084f449a3bc644c023f2c) Importer(815301076,1909f56bfc062723c751e8b465ee728b)  -> (artifact id: '658f69e609933f205b3349cbbb75c7af') in 0.018539 seconds 
========================================================================
Received Import Request.
  Time since last request: 0.000102 seconds.
  path: Packages/com.unity.collab-proxy/Editor/Collaborate/Assets/Icons/collaborate-dark@2x.png
  artifactKey: Guid(158d9c687149a0e499002e08c9420c70) Importer(815301076,1909f56bfc062723c751e8b465ee728b)
Start importing Packages/com.unity.collab-proxy/Editor/Collaborate/Assets/Icons/collaborate-dark@2x.png using Guid(158d9c687149a0e499002e08c9420c70) Importer(815301076,1909f56bfc062723c751e8b465ee728b)  -> (artifact id: '6ba1adca471149a21839e9a99f130c1b') in 0.017596 seconds 
========================================================================
Received Import Request.
  Time since last request: 0.000128 seconds.
  path: Packages/com.unity.collab-proxy/Editor/Collaborate/Assets/Icons/collaborate-dark.png
  artifactKey: Guid(8558913fe46542045b38c8f97ef8546a) Importer(815301076,1909f56bfc062723c751e8b465ee728b)
Start importing Packages/com.unity.collab-proxy/Editor/Collaborate/Assets/Icons/collaborate-dark.png using Guid(8558913fe46542045b38c8f97ef8546a) Importer(815301076,1909f56bfc062723c751e8b465ee728b)  -> (artifact id: 'f8324d26b7f8816197d42148023d89e1') in 0.072125 seconds 
========================================================================
Received Import Request.
  Time since last request: 0.000461 seconds.
  path: Packages/com.unity.collab-proxy/Editor/Collaborate/Assets/Icons/collaborate-incoming-dark.png
  artifactKey: Guid(4f1f02bee0a5ae24aac00a40a212299a) Importer(815301076,1909f56bfc062723c751e8b465ee728b)
Start importing Packages/com.unity.collab-proxy/Editor/Collaborate/Assets/Icons/collaborate-incoming-dark.png using Guid(4f1f02bee0a5ae24aac00a40a212299a) Importer(815301076,1909f56bfc062723c751e8b465ee728b)  -> (artifact id: '1d6bb06215de59beec0ae9d19500b764') in 0.063562 seconds 
========================================================================
Received Import Request.
  Time since last request: 0.000119 seconds.
  path: Packages/com.unity.collab-proxy/Editor/Collaborate/Assets/Icons/collaborate-light.png
  artifactKey: Guid(4466539767d9ee241abcc43eebb52ce3) Importer(815301076,1909f56bfc062723c751e8b465ee728b)
Start importing Packages/com.unity.collab-proxy/Editor/Collaborate/Assets/Icons/collaborate-light.png using Guid(4466539767d9ee241abcc43eebb52ce3) Importer(815301076,1909f56bfc062723c751e8b465ee728b)  -> (artifact id: '409ba7632a6672b60db6a5b8b7cd233e') in 0.037647 seconds 
========================================================================
Received Import Request.
  Time since last request: 0.001680 seconds.
  path: Packages/com.unity.collab-proxy/Editor/Collaborate/Assets/Icons/collaborate-error-dark@2x.png
  artifactKey: Guid(0159d5999f4dc4545848ed42cd775ec4) Importer(815301076,1909f56bfc062723c751e8b465ee728b)
Start importing Packages/com.unity.collab-proxy/Editor/Collaborate/Assets/Icons/collaborate-error-dark@2x.png using Guid(0159d5999f4dc4545848ed42cd775ec4) Importer(815301076,1909f56bfc062723c751e8b465ee728b)  -> (artifact id: '63a071d3e0bb2fa25e9ca9351da77deb') in 0.021253 seconds 
========================================================================
Received Import Request.
  Time since last request: 0.000102 seconds.
  path: Packages/com.unity.collab-proxy/Editor/Collaborate/Assets/Icons/collaborate-available-changes-dark@2x.png
  artifactKey: Guid(1a2cea5a396ff5d4a8f740bd5d8726b0) Importer(815301076,1909f56bfc062723c751e8b465ee728b)
Start importing Packages/com.unity.collab-proxy/Editor/Collaborate/Assets/Icons/collaborate-available-changes-dark@2x.png using Guid(1a2cea5a396ff5d4a8f740bd5d8726b0) Importer(815301076,1909f56bfc062723c751e8b465ee728b)  -> (artifact id: '261c2fb5a71e0ce2ecf1cc29f489be44') in 0.058104 seconds 
========================================================================
Received Import Request.
  Time since last request: 0.000154 seconds.
  path: Packages/com.unity.collab-proxy/Editor/Collaborate/Assets/Icons/collaborate-done-light@2x.png
  artifactKey: Guid(efbf52d7ee1264d478d63a17b943941a) Importer(815301076,1909f56bfc062723c751e8b465ee728b)
Start importing Packages/com.unity.collab-proxy/Editor/Collaborate/Assets/Icons/collaborate-done-light@2x.png using Guid(efbf52d7ee1264d478d63a17b943941a) Importer(815301076,1909f56bfc062723c751e8b465ee728b)  -> (artifact id: 'b386fd59438f9c0725a5496352a7dd0f') in 0.025632 seconds 
========================================================================
Received Import Request.
  Time since last request: 0.000507 seconds.
  path: Packages/com.unity.collab-proxy/Editor/PlasticSCM/Assets/Images/buttonssosigningoogle.png
  artifactKey: Guid(f09eae8c0ea04254b90c5386a034a225) Importer(815301076,1909f56bfc062723c751e8b465ee728b)
Start importing Packages/com.unity.collab-proxy/Editor/PlasticSCM/Assets/Images/buttonssosigningoogle.png using Guid(f09eae8c0ea04254b90c5386a034a225) Importer(815301076,1909f56bfc062723c751e8b465ee728b)  -> (artifact id: 'bf429329697518824b8a497c6445daf8') in 0.067715 seconds 
========================================================================
Received Import Request.
  Time since last request: 0.000733 seconds.
  path: Packages/com.unity.collab-proxy/Editor/Collaborate/Assets/Icons/collaborate-incoming-light.png
  artifactKey: Guid(0919e5a835eb86343b8b1722ea1d32a8) Importer(815301076,1909f56bfc062723c751e8b465ee728b)
Start importing Packages/com.unity.collab-proxy/Editor/Collaborate/Assets/Icons/collaborate-incoming-light.png using Guid(0919e5a835eb86343b8b1722ea1d32a8) Importer(815301076,1909f56bfc062723c751e8b465ee728b)  -> (artifact id: '2eda73e82d884e4984435c3c7417c1e8') in 0.023593 seconds 
========================================================================
Received Import Request.
  Time since last request: 0.107637 seconds.
  path: Packages/com.unity.collab-proxy/Editor/Collaborate/Assets/Icons/choose-remote-light.png
  artifactKey: Guid(78f56e873f56d7943aef2a039430732e) Importer(815301076,1909f56bfc062723c751e8b465ee728b)
Start importing Packages/com.unity.collab-proxy/Editor/Collaborate/Assets/Icons/choose-remote-light.png using Guid(78f56e873f56d7943aef2a039430732e) Importer(815301076,1909f56bfc062723c751e8b465ee728b)  -> (artifact id: '3c7f5a713f7ec155457510b2219d0a4b') in 0.017325 seconds 
========================================================================
Received Import Request.
  Time since last request: 0.000711 seconds.
  path: Packages/com.unity.collab-proxy/Editor/Collaborate/Assets/Icons/clear-dark@2x.png
  artifactKey: Guid(c98f350e47082844fa2954de4d2d5ff9) Importer(815301076,1909f56bfc062723c751e8b465ee728b)
Start importing Packages/com.unity.collab-proxy/Editor/Collaborate/Assets/Icons/clear-dark@2x.png using Guid(c98f350e47082844fa2954de4d2d5ff9) Importer(815301076,1909f56bfc062723c751e8b465ee728b)  -> (artifact id: '37551d7779e017dba6e4a9303b0da77e') in 0.020152 seconds 
========================================================================
Received Import Request.
  Time since last request: 0.010624 seconds.
  path: Packages/com.unity.collab-proxy/Editor/Collaborate/Assets/Icons/clear-dark.png
  artifactKey: Guid(432426364f0e2474b9817a7e5b9dd1c2) Importer(815301076,1909f56bfc062723c751e8b465ee728b)
Start importing Packages/com.unity.collab-proxy/Editor/Collaborate/Assets/Icons/clear-dark.png using Guid(432426364f0e2474b9817a7e5b9dd1c2) Importer(815301076,1909f56bfc062723c751e8b465ee728b)  -> (artifact id: '7456d56f377a4ffaf9ee74ca1c1210be') in 0.022458 seconds 
========================================================================
Received Import Request.
  Time since last request: 0.002710 seconds.
  path: Packages/com.unity.collab-proxy/Editor/Collaborate/Assets/Icons/choose-mine-light@2x.png
  artifactKey: Guid(1bceea0c53eecc244a50615c7958486d) Importer(815301076,1909f56bfc062723c751e8b465ee728b)
Start importing Packages/com.unity.collab-proxy/Editor/Collaborate/Assets/Icons/choose-mine-light@2x.png using Guid(1bceea0c53eecc244a50615c7958486d) Importer(815301076,1909f56bfc062723c751e8b465ee728b)  -> (artifact id: '7346ddbdcdf5e8868e347b9470091c64') in 0.025836 seconds 
========================================================================
Received Import Request.
  Time since last request: 0.004840 seconds.
  path: Packages/com.unity.collab-proxy/Editor/Collaborate/Assets/Icons/choose-remote-dark@2x.png
  artifactKey: Guid(a26232d4d188e4440897131ed223d505) Importer(815301076,1909f56bfc062723c751e8b465ee728b)
Start importing Packages/com.unity.collab-proxy/Editor/Collaborate/Assets/Icons/choose-remote-dark@2x.png using Guid(a26232d4d188e4440897131ed223d505) Importer(815301076,1909f56bfc062723c751e8b465ee728b)  -> (artifact id: 'a6ca007e3944433d08bbbb534056fae7') in 0.028163 seconds 
========================================================================
Received Import Request.
  Time since last request: 31.538220 seconds.
  path: Assets/polygonTrees/polygonTrees/prefabs/tree/trees
  artifactKey: Guid(bb5f278e263abf42590116cde34ecc40) Importer(815301076,1909f56bfc062723c751e8b465ee728b)
Start importing Assets/polygonTrees/polygonTrees/prefabs/tree/trees using Guid(bb5f278e263abf42590116cde34ecc40) Importer(815301076,1909f56bfc062723c751e8b465ee728b)  -> (artifact id: '9a0a990c0963df3538495953801dac93') in 0.001165 seconds 
========================================================================
Received Prepare
Registering precompiled user dll's ...
Registered in 0.009842 seconds.
Begin MonoManager ReloadAssembly
Symbol file LoadedFromMemory doesn't match image /Users/carlos/Documents/Semestre IX/Gráficas Computacionales/Proyecto/Graficas-computacionales/terrain/Library/PackageCache/com.unity.visualscripting@1.7.8/Editor/VisualScripting.Core/Dependencies/YamlDotNet/Unity.VisualScripting.YamlDotNet.dll
Symbol file LoadedFromMemory doesn't match image /Users/carlos/Documents/Semestre IX/Gráficas Computacionales/Proyecto/Graficas-computacionales/terrain/Library/PackageCache/com.unity.visualscripting@1.7.8/Editor/VisualScripting.Core/Dependencies/DotNetZip/Unity.VisualScripting.IonicZip.dll
Native extension for OSXStandalone target not found
Refreshing native plugins compatible for Editor in 0.70 ms, found 2 plugins.
Preloading 0 native plugins for Editor in 0.00 ms.
Mono: successfully reloaded assembly
- Completed reload, in  4.143 seconds
Domain Reload Profiling:
	ReloadAssembly (4146ms)
		BeginReloadAssembly (1387ms)
			ExecutionOrderSort (0ms)
			DisableScriptedObjects (22ms)
			BackupInstance (0ms)
			ReleaseScriptingObjects (0ms)
			CreateAndSetChildDomain (213ms)
		EndReloadAssembly (2475ms)
			LoadAssemblies (1210ms)
			RebuildTransferFunctionScriptingTraits (0ms)
			SetupTypeCache (982ms)
			ReleaseScriptCaches (2ms)
			RebuildScriptCaches (136ms)
			SetupLoadedEditorAssemblies (940ms)
				LogAssemblyErrors (0ms)
				InitializePlatformSupportModulesInManaged (35ms)
				SetLoadedEditorAssemblies (2ms)
				RefreshPlugins (1ms)
				BeforeProcessingInitializeOnLoad (193ms)
				ProcessInitializeOnLoadAttributes (636ms)
				ProcessInitializeOnLoadMethodAttributes (71ms)
				AfterProcessingInitializeOnLoad (2ms)
				EditorAssembliesLoaded (1ms)
			ExecutionOrderSort2 (0ms)
			AwakeInstancesAfterBackupRestoration (17ms)
Platform modules already initialized, skipping
Refreshing native plugins compatible for Editor in 5.58 ms, found 2 plugins.
Preloading 0 native plugins for Editor in 0.00 ms.
Unloading 3375 Unused Serialized files (Serialized files now loaded: 0)
Unloading 20 unused Assets / (72.2 KB). Loaded Objects now: 3920.
Memory consumption went from 276.0 MB to 275.9 MB.
Total: 8.213597 ms (FindLiveObjects: 0.431955 ms CreateObjectMapping: 0.407888 ms MarkObjects: 7.098634 ms  DeleteObjects: 0.273514 ms)

AssetImportParameters requested are different than current active one (requested -> active):
  custom:video-decoder-ogg-theora: a1e56fd34408186e4bbccfd4996cb3dc -> 
  custom:container-muxer-webm: aa71ff27fc2769a1b78a27578f13a17b -> 
  custom:container-demuxer-webm: 4f35f7cbe854078d1ac9338744f61a02 -> 
  custom:video-encoder-webm-vp8: eb34c28f22e8b96e1ab97ce403110664 -> 
  custom:framework-osx-AVFoundation: e770b220cccbd017edd2c1fefb359320 -> 
  custom:audio-encoder-webm-vorbis: bf7c407c2cedff20999df2af8eb42d56 -> 
  custom:container-demuxer-ogg: 62fdf1f143b41e24485cea50d1cbac27 -> 
  custom:video-decoder-webm-vp8: 9c59270c3fd7afecdb556c50c9e8de78 -> 
  custom:audio-decoder-ogg-vorbis: bf7c407c2cedff20999df2af8eb42d56 -> 
========================================================================
Received Import Request.
  Time since last request: 828.559964 seconds.
  path: Assets/Materials/stonepath.jpeg
  artifactKey: Guid(562fa3b5c3a5c426889ee82e56ecd5c7) Importer(815301076,1909f56bfc062723c751e8b465ee728b)
Start importing Assets/Materials/stonepath.jpeg using Guid(562fa3b5c3a5c426889ee82e56ecd5c7) Importer(815301076,1909f56bfc062723c751e8b465ee728b)  -> (artifact id: '195c5d299bab573fb50565913fea18d3') in 0.303060 seconds 
========================================================================
Received Import Request.
  Time since last request: 16.264235 seconds.
  path: Assets/Materials/stonepath.jpeg
  artifactKey: Guid(562fa3b5c3a5c426889ee82e56ecd5c7) Importer(815301076,1909f56bfc062723c751e8b465ee728b)
Start importing Assets/Materials/stonepath.jpeg using Guid(562fa3b5c3a5c426889ee82e56ecd5c7) Importer(815301076,1909f56bfc062723c751e8b465ee728b)  -> (artifact id: '0230583f3fe4316f07f3b9ffb41cd2f3') in 0.026569 seconds 
========================================================================
Received Import Request.
  Time since last request: 7.623243 seconds.
  path: Assets/Materials/stonepath 1.jpeg
  artifactKey: Guid(fc6ba48494afe423b82c58141d1db84f) Importer(815301076,1909f56bfc062723c751e8b465ee728b)
Start importing Assets/Materials/stonepath 1.jpeg using Guid(fc6ba48494afe423b82c58141d1db84f) Importer(815301076,1909f56bfc062723c751e8b465ee728b)  -> (artifact id: 'c34f287513a68adf896149578ada3ce2') in 0.021550 seconds 
========================================================================
Received Import Request.
  Time since last request: 8.377461 seconds.
  path: Assets/Materials/stonepathmap.jpeg
  artifactKey: Guid(562fa3b5c3a5c426889ee82e56ecd5c7) Importer(815301076,1909f56bfc062723c751e8b465ee728b)
Start importing Assets/Materials/stonepathmap.jpeg using Guid(562fa3b5c3a5c426889ee82e56ecd5c7) Importer(815301076,1909f56bfc062723c751e8b465ee728b)  -> (artifact id: '276514811676c366513a97f83a387e08') in 0.023699 seconds 
========================================================================
Received Import Request.
  Time since last request: 4.315939 seconds.
  path: Assets/Materials/stonepath.jpeg
  artifactKey: Guid(fc6ba48494afe423b82c58141d1db84f) Importer(815301076,1909f56bfc062723c751e8b465ee728b)
Start importing Assets/Materials/stonepath.jpeg using Guid(fc6ba48494afe423b82c58141d1db84f) Importer(815301076,1909f56bfc062723c751e8b465ee728b)  -> (artifact id: 'e88282a4fa8c65fa804694a9ae66872c') in 0.016095 seconds 
========================================================================
Received Prepare
Registering precompiled user dll's ...
Registered in 0.005520 seconds.
Begin MonoManager ReloadAssembly
Symbol file LoadedFromMemory doesn't match image /Users/carlos/Documents/Semestre IX/Gráficas Computacionales/Proyecto/Graficas-computacionales/terrain/Library/PackageCache/com.unity.visualscripting@1.7.8/Editor/VisualScripting.Core/Dependencies/YamlDotNet/Unity.VisualScripting.YamlDotNet.dll
Symbol file LoadedFromMemory doesn't match image /Users/carlos/Documents/Semestre IX/Gráficas Computacionales/Proyecto/Graficas-computacionales/terrain/Library/PackageCache/com.unity.visualscripting@1.7.8/Editor/VisualScripting.Core/Dependencies/DotNetZip/Unity.VisualScripting.IonicZip.dll
Native extension for OSXStandalone target not found
Refreshing native plugins compatible for Editor in 0.72 ms, found 2 plugins.
Preloading 0 native plugins for Editor in 0.00 ms.
Mono: successfully reloaded assembly
- Completed reload, in  2.564 seconds
Domain Reload Profiling:
	ReloadAssembly (2570ms)
		BeginReloadAssembly (379ms)
			ExecutionOrderSort (0ms)
			DisableScriptedObjects (9ms)
			BackupInstance (0ms)
			ReleaseScriptingObjects (0ms)
			CreateAndSetChildDomain (171ms)
		EndReloadAssembly (1896ms)
			LoadAssemblies (203ms)
			RebuildTransferFunctionScriptingTraits (0ms)
			SetupTypeCache (810ms)
			ReleaseScriptCaches (2ms)
			RebuildScriptCaches (103ms)
			SetupLoadedEditorAssemblies (722ms)
				LogAssemblyErrors (0ms)
				InitializePlatformSupportModulesInManaged (17ms)
				SetLoadedEditorAssemblies (1ms)
				RefreshPlugins (1ms)
				BeforeProcessingInitializeOnLoad (121ms)
				ProcessInitializeOnLoadAttributes (495ms)
				ProcessInitializeOnLoadMethodAttributes (85ms)
				AfterProcessingInitializeOnLoad (2ms)
				EditorAssembliesLoaded (0ms)
			ExecutionOrderSort2 (0ms)
			AwakeInstancesAfterBackupRestoration (6ms)
Platform modules already initialized, skipping
Refreshing native plugins compatible for Editor in 11.81 ms, found 2 plugins.
Preloading 0 native plugins for Editor in 0.00 ms.
Unloading 3375 Unused Serialized files (Serialized files now loaded: 0)
Unloading 20 unused Assets / (72.2 KB). Loaded Objects now: 3923.
Memory consumption went from 275.5 MB to 275.4 MB.
Total: 13.381557 ms (FindLiveObjects: 1.738271 ms CreateObjectMapping: 0.437825 ms MarkObjects: 11.015013 ms  DeleteObjects: 0.188624 ms)

AssetImportParameters requested are different than current active one (requested -> active):
  custom:video-decoder-ogg-theora: a1e56fd34408186e4bbccfd4996cb3dc -> 
  custom:container-muxer-webm: aa71ff27fc2769a1b78a27578f13a17b -> 
  custom:container-demuxer-webm: 4f35f7cbe854078d1ac9338744f61a02 -> 
  custom:video-encoder-webm-vp8: eb34c28f22e8b96e1ab97ce403110664 -> 
  custom:framework-osx-AVFoundation: e770b220cccbd017edd2c1fefb359320 -> 
  custom:audio-encoder-webm-vorbis: bf7c407c2cedff20999df2af8eb42d56 -> 
  custom:container-demuxer-ogg: 62fdf1f143b41e24485cea50d1cbac27 -> 
  custom:video-decoder-webm-vp8: 9c59270c3fd7afecdb556c50c9e8de78 -> 
  custom:audio-decoder-ogg-vorbis: bf7c407c2cedff20999df2af8eb42d56 -> 
========================================================================
Received Import Request.
  Time since last request: 1591.178027 seconds.
  path: Assets/Materials/Grass.mat
  artifactKey: Guid(1e65eda6653d04092bbc4163b0371395) Importer(815301076,1909f56bfc062723c751e8b465ee728b)
Start importing Assets/Materials/Grass.mat using Guid(1e65eda6653d04092bbc4163b0371395) Importer(815301076,1909f56bfc062723c751e8b465ee728b)  -> (artifact id: 'c3f913692e6f272b7e7cf94ee50b8730') in 0.512785 seconds 
========================================================================
Received Import Request.
  Time since last request: 0.000223 seconds.
  path: Assets/Materials/Stone.mat
  artifactKey: Guid(51d23e9a520364cab91157e2dacff83a) Importer(815301076,1909f56bfc062723c751e8b465ee728b)
Start importing Assets/Materials/Stone.mat using Guid(51d23e9a520364cab91157e2dacff83a) Importer(815301076,1909f56bfc062723c751e8b465ee728b)  -> (artifact id: '1cf0e0286a9862d3b1d65f611f8d4eed') in 0.058683 seconds 
========================================================================
Received Import Request.
  Time since last request: 0.000073 seconds.
  path: Assets/Materials/NewLayer 2.terrainlayer
  artifactKey: Guid(0b22296f36a7745829ea2653fad6a4d2) Importer(815301076,1909f56bfc062723c751e8b465ee728b)
Start importing Assets/Materials/NewLayer 2.terrainlayer using Guid(0b22296f36a7745829ea2653fad6a4d2) Importer(815301076,1909f56bfc062723c751e8b465ee728b)  -> (artifact id: '3685969c90f8162e535912f16d2a4817') in 0.040434 seconds 
