Unity Editor version:    2021.3.9f1 (ad3870b89536)
Branch:                  2021.3/staging
Build type:              Release
Batch mode:              YES
macOS version:           Version 12.2 (Build 21D49)
Darwin version:          21.3.0
Architecture:            x86_64
Running under Rosetta:   NO
Available memory:        8192 MB
Using pre-set license
Pro License: YES

COMMAND LINE ARGUMENTS:
/Applications/Unity/Hub/Editor/2021.3.9f1/Unity.app/Contents/MacOS/Unity
-adb2
-batchMode
-noUpm
-name
AssetImportWorker1
-projectPath
/Users/carlos/Documents/Semestre IX/Gráficas Computacionales/Proyecto/Graficas-computacionales/terrain
-logFile
Logs/AssetImportWorker1.log
-srvPort
61786
Successfully changed project path to: /Users/carlos/Documents/Semestre IX/Gráficas Computacionales/Proyecto/Graficas-computacionales/terrain
/Users/carlos/Documents/Semestre IX/Gráficas Computacionales/Proyecto/Graficas-computacionales/terrain
[UnityMemory] Configuration Parameters - Can be set up in boot.config
    "memorysetup-bucket-allocator-granularity=16"
    "memorysetup-bucket-allocator-bucket-count=8"
    "memorysetup-bucket-allocator-block-size=33554432"
    "memorysetup-bucket-allocator-block-count=8"
    "memorysetup-main-allocator-block-size=16777216"
    "memorysetup-thread-allocator-block-size=16777216"
    "memorysetup-gfx-main-allocator-block-size=16777216"
    "memorysetup-gfx-thread-allocator-block-size=16777216"
    "memorysetup-cache-allocator-block-size=4194304"
    "memorysetup-typetree-allocator-block-size=2097152"
    "memorysetup-profiler-bucket-allocator-granularity=16"
    "memorysetup-profiler-bucket-allocator-bucket-count=8"
    "memorysetup-profiler-bucket-allocator-block-size=33554432"
    "memorysetup-profiler-bucket-allocator-block-count=8"
    "memorysetup-profiler-allocator-block-size=16777216"
    "memorysetup-profiler-editor-allocator-block-size=1048576"
    "memorysetup-temp-allocator-size-main=16777216"
    "memorysetup-job-temp-allocator-block-size=2097152"
    "memorysetup-job-temp-allocator-block-size-background=1048576"
    "memorysetup-job-temp-allocator-reduction-small-platforms=262144"
    "memorysetup-temp-allocator-size-background-worker=32768"
    "memorysetup-temp-allocator-size-job-worker=262144"
    "memorysetup-temp-allocator-size-preload-manager=33554432"
    "memorysetup-temp-allocator-size-nav-mesh-worker=65536"
    "memorysetup-temp-allocator-size-audio-worker=65536"
    "memorysetup-temp-allocator-size-cloud-worker=32768"
    "memorysetup-temp-allocator-size-gi-baking-worker=262144"
    "memorysetup-temp-allocator-size-gfx=262144"
Refreshing native plugins compatible for Editor in 146.57 ms, found 2 plugins.
Preloading 0 native plugins for Editor in 0.00 ms.
Initialize engine version: 2021.3.9f1 (ad3870b89536)
[Subsystems] Discovering subsystems at path /Applications/Unity/Hub/Editor/2021.3.9f1/Unity.app/Contents/Resources/UnitySubsystems
[Subsystems] Discovering subsystems at path /Users/carlos/Documents/Semestre IX/Gráficas Computacionales/Proyecto/Graficas-computacionales/terrain/Assets
GfxDevice: creating device client; threaded=0; jobified=0
Color LCD preferred device: Intel(R) Iris(TM) Plus Graphics 650 (low power)
Metal devices available: 1
0: Intel(R) Iris(TM) Plus Graphics 650 (low power)
Using device Intel(R) Iris(TM) Plus Graphics 650 (low power)
Initializing Metal device caps: Intel(R) Iris(TM) Plus Graphics 650
Initialize mono
Mono path[0] = '/Applications/Unity/Hub/Editor/2021.3.9f1/Unity.app/Contents/Managed'
Mono path[1] = '/Applications/Unity/Hub/Editor/2021.3.9f1/Unity.app/Contents/MonoBleedingEdge/lib/mono/unityjit-macos'
Mono config path = '/Applications/Unity/Hub/Editor/2021.3.9f1/Unity.app/Contents/MonoBleedingEdge/etc'
Using monoOptions --debugger-agent=transport=dt_socket,embedding=1,server=y,suspend=n,address=127.0.0.1:56422
Begin MonoManager ReloadAssembly
Registering precompiled unity dll's ...
Register platform support module: /Applications/Unity/Hub/Editor/2021.3.9f1/Unity.app/Contents/PlaybackEngines/MacStandaloneSupport/UnityEditor.OSXStandalone.Extensions.dll
Registered in 0.002795 seconds.
Native extension for OSXStandalone target not found
Refreshing native plugins compatible for Editor in 128.15 ms, found 2 plugins.
Preloading 0 native plugins for Editor in 0.00 ms.
Mono: successfully reloaded assembly
- Completed reload, in  1.408 seconds
Domain Reload Profiling:
	ReloadAssembly (1409ms)
		BeginReloadAssembly (355ms)
			ExecutionOrderSort (0ms)
			DisableScriptedObjects (0ms)
			BackupInstance (0ms)
			ReleaseScriptingObjects (0ms)
			CreateAndSetChildDomain (1ms)
		EndReloadAssembly (838ms)
			LoadAssemblies (371ms)
			RebuildTransferFunctionScriptingTraits (0ms)
			SetupTypeCache (289ms)
			ReleaseScriptCaches (0ms)
			RebuildScriptCaches (53ms)
			SetupLoadedEditorAssemblies (405ms)
				LogAssemblyErrors (0ms)
				InitializePlatformSupportModulesInManaged (8ms)
				SetLoadedEditorAssemblies (0ms)
				RefreshPlugins (128ms)
				BeforeProcessingInitializeOnLoad (2ms)
				ProcessInitializeOnLoadAttributes (208ms)
				ProcessInitializeOnLoadMethodAttributes (59ms)
				AfterProcessingInitializeOnLoad (0ms)
				EditorAssembliesLoaded (0ms)
			ExecutionOrderSort2 (0ms)
			AwakeInstancesAfterBackupRestoration (0ms)
Platform modules already initialized, skipping
Registering precompiled user dll's ...
Registered in 0.013051 seconds.
Begin MonoManager ReloadAssembly
Symbol file LoadedFromMemory doesn't match image /Users/carlos/Documents/Semestre IX/Gráficas Computacionales/Proyecto/Graficas-computacionales/terrain/Library/PackageCache/com.unity.visualscripting@1.7.8/Editor/VisualScripting.Core/Dependencies/YamlDotNet/Unity.VisualScripting.YamlDotNet.dll
Symbol file LoadedFromMemory doesn't match image /Users/carlos/Documents/Semestre IX/Gráficas Computacionales/Proyecto/Graficas-computacionales/terrain/Library/PackageCache/com.unity.visualscripting@1.7.8/Editor/VisualScripting.Core/Dependencies/DotNetZip/Unity.VisualScripting.IonicZip.dll
Native extension for OSXStandalone target not found
Refreshing native plugins compatible for Editor in 0.65 ms, found 2 plugins.
Preloading 0 native plugins for Editor in 0.00 ms.
Mono: successfully reloaded assembly
- Completed reload, in  1.783 seconds
Domain Reload Profiling:
	ReloadAssembly (1784ms)
		BeginReloadAssembly (129ms)
			ExecutionOrderSort (0ms)
			DisableScriptedObjects (7ms)
			BackupInstance (0ms)
			ReleaseScriptingObjects (0ms)
			CreateAndSetChildDomain (29ms)
		EndReloadAssembly (1492ms)
			LoadAssemblies (451ms)
			RebuildTransferFunctionScriptingTraits (0ms)
			SetupTypeCache (408ms)
			ReleaseScriptCaches (1ms)
			RebuildScriptCaches (73ms)
			SetupLoadedEditorAssemblies (498ms)
				LogAssemblyErrors (0ms)
				InitializePlatformSupportModulesInManaged (7ms)
				SetLoadedEditorAssemblies (1ms)
				RefreshPlugins (1ms)
				BeforeProcessingInitializeOnLoad (97ms)
				ProcessInitializeOnLoadAttributes (353ms)
				ProcessInitializeOnLoadMethodAttributes (37ms)
				AfterProcessingInitializeOnLoad (1ms)
				EditorAssembliesLoaded (0ms)
			ExecutionOrderSort2 (0ms)
			AwakeInstancesAfterBackupRestoration (5ms)
Platform modules already initialized, skipping
========================================================================
Worker process is ready to serve import requests
Launching external process: /Applications/Unity/Hub/Editor/2021.3.9f1/Unity.app/Contents/Tools/UnityShaderCompiler
Launched and connected shader compiler UnityShaderCompiler after 0.09 seconds
Refreshing native plugins compatible for Editor in 0.67 ms, found 2 plugins.
Preloading 0 native plugins for Editor in 0.00 ms.
Unloading 3380 Unused Serialized files (Serialized files now loaded: 0)
Unloading 27 unused Assets / (95.3 KB). Loaded Objects now: 3858.
Memory consumption went from 244.9 MB to 244.8 MB.
Total: 4.088841 ms (FindLiveObjects: 0.541807 ms CreateObjectMapping: 0.231206 ms MarkObjects: 3.163376 ms  DeleteObjects: 0.151417 ms)

AssetImportParameters requested are different than current active one (requested -> active):
  custom:video-decoder-ogg-theora: a1e56fd34408186e4bbccfd4996cb3dc -> 
  custom:container-muxer-webm: aa71ff27fc2769a1b78a27578f13a17b -> 
  custom:container-demuxer-webm: 4f35f7cbe854078d1ac9338744f61a02 -> 
  custom:video-encoder-webm-vp8: eb34c28f22e8b96e1ab97ce403110664 -> 
  custom:framework-osx-AVFoundation: e770b220cccbd017edd2c1fefb359320 -> 
  custom:audio-encoder-webm-vorbis: bf7c407c2cedff20999df2af8eb42d56 -> 
  custom:container-demuxer-ogg: 62fdf1f143b41e24485cea50d1cbac27 -> 
  custom:video-decoder-webm-vp8: 9c59270c3fd7afecdb556c50c9e8de78 -> 
  custom:audio-decoder-ogg-vorbis: bf7c407c2cedff20999df2af8eb42d56 -> 
========================================================================
Received Import Request.
  Time since last request: 773368.993032 seconds.
  path: Assets/TerrainData_396976f7-183a-40c8-8028-751e59dd5242.asset
  artifactKey: Guid(eccd8ff16c52a4260a48ec5bacb59a69) Importer(815301076,1909f56bfc062723c751e8b465ee728b)
Start importing Assets/TerrainData_396976f7-183a-40c8-8028-751e59dd5242.asset using Guid(eccd8ff16c52a4260a48ec5bacb59a69) Importer(815301076,1909f56bfc062723c751e8b465ee728b) The tree bigLeavesTree Variant must use the Nature/Soft Occlusion shader. Otherwise billboarding/lighting will not work correctly.
The tree mytreeprefab must use the Nature/Soft Occlusion shader. Otherwise billboarding/lighting will not work correctly.
 -> (artifact id: '7c14e9c271908e5ef54bbf5eb17896c9') in 0.552612 seconds 
========================================================================
Received Import Request.
  Time since last request: 0.000110 seconds.
  path: Assets/TerrainData_226a2876-a0d1-4cb1-a92a-f8f2b3fb305a.asset
  artifactKey: Guid(98dc7f4fe8de3473b863f4691c7ea497) Importer(815301076,1909f56bfc062723c751e8b465ee728b)
Start importing Assets/TerrainData_226a2876-a0d1-4cb1-a92a-f8f2b3fb305a.asset using Guid(98dc7f4fe8de3473b863f4691c7ea497) Importer(815301076,1909f56bfc062723c751e8b465ee728b) The tree mytreeprefab must use the Nature/Soft Occlusion shader. Otherwise billboarding/lighting will not work correctly.
 -> (artifact id: 'cddab22394657764065d3b8b85e2647c') in 0.241732 seconds 
========================================================================
Received Import Request.
  Time since last request: 0.000099 seconds.
  path: Assets/TerrainData_a50f1f32-4f7a-44fb-87c0-bed94bd31b93.asset
  artifactKey: Guid(9ef9bdba04a4641698aeecc95e18e269) Importer(815301076,1909f56bfc062723c751e8b465ee728b)
Start importing Assets/TerrainData_a50f1f32-4f7a-44fb-87c0-bed94bd31b93.asset using Guid(9ef9bdba04a4641698aeecc95e18e269) Importer(815301076,1909f56bfc062723c751e8b465ee728b)  -> (artifact id: 'f443e00c5aab97a5be5286388625dc4d') in 0.085172 seconds 
========================================================================
Received Import Request.
  Time since last request: 0.000088 seconds.
  path: Assets/TerrainData_899ab811-9c3d-41df-92ab-1e417dbb5f54.asset
  artifactKey: Guid(e0f2fcc4bffd44fe4a9943567f6c869d) Importer(815301076,1909f56bfc062723c751e8b465ee728b)
Start importing Assets/TerrainData_899ab811-9c3d-41df-92ab-1e417dbb5f54.asset using Guid(e0f2fcc4bffd44fe4a9943567f6c869d) Importer(815301076,1909f56bfc062723c751e8b465ee728b)  -> (artifact id: '83edb7ef2c5acdea4a4e26a787ed77f9') in 0.086020 seconds 
========================================================================
Received Import Request.
  Time since last request: 0.000080 seconds.
  path: Assets/TerrainData_c1f06dc0-72c7-4d6d-bb00-73884b60c1ce.asset
  artifactKey: Guid(a5c5b5713bd5e42d498fac52b1adca04) Importer(815301076,1909f56bfc062723c751e8b465ee728b)
Start importing Assets/TerrainData_c1f06dc0-72c7-4d6d-bb00-73884b60c1ce.asset using Guid(a5c5b5713bd5e42d498fac52b1adca04) Importer(815301076,1909f56bfc062723c751e8b465ee728b)  -> (artifact id: '6cc487f9629c2f10f3d61e9b5a585cef') in 0.112008 seconds 
========================================================================
Received Import Request.
  Time since last request: 0.000105 seconds.
  path: Assets/TerrainData_cdc10f7f-661d-4cda-b186-fe66cf8bde63.asset
  artifactKey: Guid(e717b2f7ca12c4599b614db8bd447f13) Importer(815301076,1909f56bfc062723c751e8b465ee728b)
Start importing Assets/TerrainData_cdc10f7f-661d-4cda-b186-fe66cf8bde63.asset using Guid(e717b2f7ca12c4599b614db8bd447f13) Importer(815301076,1909f56bfc062723c751e8b465ee728b)  -> (artifact id: '4d46d3688f18a3a75be72acdf735d9ef') in 0.136058 seconds 
========================================================================
Received Import Request.
  Time since last request: 0.000083 seconds.
  path: Assets/TerrainData_749a8348-c8e1-4bc9-9855-f8630b35dbb4.asset
  artifactKey: Guid(2fd4b4dcecdb94abba47b5f343196708) Importer(815301076,1909f56bfc062723c751e8b465ee728b)
Start importing Assets/TerrainData_749a8348-c8e1-4bc9-9855-f8630b35dbb4.asset using Guid(2fd4b4dcecdb94abba47b5f343196708) Importer(815301076,1909f56bfc062723c751e8b465ee728b) The tree mytreeprefab must use the Nature/Soft Occlusion shader. Otherwise billboarding/lighting will not work correctly.
 -> (artifact id: '9c1f42e759b81d0b5fefbad7785bb85d') in 0.116601 seconds 
========================================================================
Received Import Request.
  Time since last request: 0.000467 seconds.
  path: Assets/TerrainData_f39cca65-e263-49e7-8aa2-66f3ada1a9bc.asset
  artifactKey: Guid(707a5c2d600074b52a7c0706457f7f32) Importer(815301076,1909f56bfc062723c751e8b465ee728b)
Start importing Assets/TerrainData_f39cca65-e263-49e7-8aa2-66f3ada1a9bc.asset using Guid(707a5c2d600074b52a7c0706457f7f32) Importer(815301076,1909f56bfc062723c751e8b465ee728b)  -> (artifact id: '55ffaed57fde9b081a6abc3abee4efb5') in 0.089204 seconds 
========================================================================
Received Import Request.
  Time since last request: 0.000293 seconds.
  path: Assets/TerrainData_3e232e80-6707-498f-bea0-b8afe5e7aa69.asset
  artifactKey: Guid(ec20add4302ed499fbeff5d5e518eceb) Importer(815301076,1909f56bfc062723c751e8b465ee728b)
Start importing Assets/TerrainData_3e232e80-6707-498f-bea0-b8afe5e7aa69.asset using Guid(ec20add4302ed499fbeff5d5e518eceb) Importer(815301076,1909f56bfc062723c751e8b465ee728b) The tree mytreeprefab must use the Nature/Soft Occlusion shader. Otherwise billboarding/lighting will not work correctly.
 -> (artifact id: '41588a3a24c50b1535694a2815aab859') in 0.118365 seconds 
========================================================================
Received Import Request.
  Time since last request: 0.036348 seconds.
  path: Assets/TerrainData_c830264d-61c9-4ce6-927c-b24e4c5cfccd.asset
  artifactKey: Guid(bf59b0b9991f54ea1bd934d34bef270b) Importer(815301076,1909f56bfc062723c751e8b465ee728b)
Start importing Assets/TerrainData_c830264d-61c9-4ce6-927c-b24e4c5cfccd.asset using Guid(bf59b0b9991f54ea1bd934d34bef270b) Importer(815301076,1909f56bfc062723c751e8b465ee728b)  -> (artifact id: 'e4451c94ac878feedd98b449fd0fd343') in 0.111706 seconds 
========================================================================
Received Import Request.
  Time since last request: 0.000108 seconds.
  path: Assets/TerrainData_0897af17-b2f7-41e4-870a-88868c548533.asset
  artifactKey: Guid(9ea6c41c707c34054b88b487eff615a3) Importer(815301076,1909f56bfc062723c751e8b465ee728b)
Start importing Assets/TerrainData_0897af17-b2f7-41e4-870a-88868c548533.asset using Guid(9ea6c41c707c34054b88b487eff615a3) Importer(815301076,1909f56bfc062723c751e8b465ee728b) The tree mytreeprefab must use the Nature/Soft Occlusion shader. Otherwise billboarding/lighting will not work correctly.
 -> (artifact id: 'b587fb685af79cb9a7e198b1f49b3011') in 0.143724 seconds 
========================================================================
Received Import Request.
  Time since last request: 0.000270 seconds.
  path: Assets/TerrainData_43195c11-6a12-4ad3-add5-ce51ff0d176f.asset
  artifactKey: Guid(71139cff9b19548a488a9971faa08f90) Importer(815301076,1909f56bfc062723c751e8b465ee728b)
Start importing Assets/TerrainData_43195c11-6a12-4ad3-add5-ce51ff0d176f.asset using Guid(71139cff9b19548a488a9971faa08f90) Importer(815301076,1909f56bfc062723c751e8b465ee728b) The tree mytreeprefab must use the Nature/Soft Occlusion shader. Otherwise billboarding/lighting will not work correctly.
 -> (artifact id: 'db63461d1b3a0f9bee17a6579522d354') in 0.111936 seconds 
========================================================================
Received Import Request.
  Time since last request: 0.000625 seconds.
  path: Assets/TerrainData_935dcc0d-0c69-49a9-83af-198add67296e.asset
  artifactKey: Guid(4d4388720267b4531bfa5cdb070740c6) Importer(815301076,1909f56bfc062723c751e8b465ee728b)
Start importing Assets/TerrainData_935dcc0d-0c69-49a9-83af-198add67296e.asset using Guid(4d4388720267b4531bfa5cdb070740c6) Importer(815301076,1909f56bfc062723c751e8b465ee728b) The tree bigLeavesTree Variant must use the Nature/Soft Occlusion shader. Otherwise billboarding/lighting will not work correctly.
The tree mytreeprefab must use the Nature/Soft Occlusion shader. Otherwise billboarding/lighting will not work correctly.
 -> (artifact id: 'c70e8d65355d7fb0d77f1ae01f855744') in 0.117035 seconds 
